#
# There is insufficient memory for the Java Runtime Environment to continue.
# Native memory allocation (mmap) failed to map 335544320 bytes for G1 virtual space
# Possible reasons:
#   The system is out of physical RAM or swap space
#   The process is running with CompressedOops enabled, and the Java Heap may be blocking the growth of the native heap
# Possible solutions:
#   Reduce memory load on the system
#   Increase physical memory or swap space
#   Check if swap backing store is full
#   Decrease Java heap size (-Xmx/-Xms)
#   Decrease number of Java threads
#   Decrease Java thread stack sizes (-Xss)
#   Set larger code cache with -XX:ReservedCodeCacheSize=
#   JVM is running with Zero Based Compressed Oops mode in which the Java heap is
#     placed in the first 32GB address space. The Java Heap base address is the
#     maximum limit for the native heap growth. Please use -XX:HeapBaseMinAddress
#     to set the Java Heap base and to place the Java Heap above 32GB virtual address.
# This output file may be truncated or incomplete.
#
#  Out of Memory Error (os_windows.cpp:3550), pid=15340, tid=14656
#
# JRE version:  (17.0.6+9) (build )
# Java VM: Java HotSpot(TM) 64-Bit Server VM (17.0.6+9-LTS-190, mixed mode, sharing, tiered, compressed oops, compressed class ptrs, g1 gc, windows-amd64)
# No core dump will be written. Minidumps are not enabled by default on client versions of Windows
#

---------------  S U M M A R Y ------------

Command Line: -Dnet.bytebuddy.agent.attacher.dump= net.bytebuddy.agent.Attacher com.sun.tools.attach.VirtualMachine 880 C:\Users\Waelbhz\.m2\repository\net\bytebuddy\byte-buddy-agent\1.14.19\byte-buddy-agent-1.14.19.jar false 

Host: Intel(R) Core(TM) i7-7500U CPU @ 2.70GHz, 4 cores, 19G,  Windows 10 , 64 bit Build 19041 (10.0.19041.3031)
Time: Fri Dec  5 18:55:56 2025 W. Europe Standard Time elapsed time: 0.038568 seconds (0d 0h 0m 0s)

---------------  T H R E A D  ---------------

Current thread (0x00000000005fe0d0):  JavaThread "Unknown thread" [_thread_in_vm, id=14656, stack(0x0000000000900000,0x0000000000a00000)]

Stack: [0x0000000000900000,0x0000000000a00000]
Native frames: (J=compiled Java code, j=interpreted, Vv=VM code, C=native code)
V  [jvm.dll+0x6734ea]
V  [jvm.dll+0x7d18f4]
V  [jvm.dll+0x7d309e]
V  [jvm.dll+0x7d3703]
V  [jvm.dll+0x2433c5]
V  [jvm.dll+0x6703f9]
V  [jvm.dll+0x664d32]
V  [jvm.dll+0x300086]
V  [jvm.dll+0x307606]
V  [jvm.dll+0x356c1e]
V  [jvm.dll+0x356e4f]
V  [jvm.dll+0x2d72e8]
V  [jvm.dll+0x2d8254]
V  [jvm.dll+0x7a33b1]
V  [jvm.dll+0x3647f1]
V  [jvm.dll+0x782839]
V  [jvm.dll+0x3e757f]
V  [jvm.dll+0x3e9001]
C  [jli.dll+0x5297]
C  [ucrtbase.dll+0x21bb2]
C  [KERNEL32.DLL+0x17614]
C  [ntdll.dll+0x526f1]


---------------  P R O C E S S  ---------------

Threads class SMR info:
_java_thread_list=0x00007ff9fc6fe958, length=0, elements={
}

Java Threads: ( => current thread )

Other Threads:
  0x0000000002a5d100 GCTaskThread "GC Thread#0" [stack: 0x0000000002810000,0x0000000002910000] [id=6432]
  0x0000000002a68f90 ConcurrentGCThread "G1 Main Marker" [stack: 0x0000000024fb0000,0x00000000250b0000] [id=14604]
  0x0000000002a6a140 ConcurrentGCThread "G1 Conc#0" [stack: 0x00000000250b0000,0x00000000251b0000] [id=1268]

[error occurred during error reporting (printing all threads), id 0xc0000005, EXCEPTION_ACCESS_VIOLATION (0xc0000005) at pc=0x00007ff9fbf37f07]

VM state: not at safepoint (not fully initialized)

VM Mutex/Monitor currently owned by a thread:  ([mutex/lock_event])
[0x00000000029dc5a0] Heap_lock - owner thread: 0x00000000005fe0d0

Heap address: 0x00000006c1800000, size: 5096 MB, Compressed Oops mode: Zero based, Oop shift amount: 3

CDS archive(s) mapped at: [0x0000000000000000-0x0000000000000000-0x0000000000000000), size 0, SharedBaseAddress: 0x0000000800000000, ArchiveRelocationMode: 0.
Narrow klass base: 0x0000000000000000, Narrow klass shift: 0, Narrow klass range: 0x0

GC Precious Log:
<Empty>

Heap:
 garbage-first heap   total 0K, used 0K [0x00000006c1800000, 0x0000000800000000)
  region size 4096K, 0 young (0K), 0 survivors (0K)

[error occurred during error reporting (printing heap information), id 0xc0000005, EXCEPTION_ACCESS_VIOLATION (0xc0000005) at pc=0x00007ff9fc31c759]

GC Heap History (0 events):
No events

Deoptimization events (0 events):
No events

Classes unloaded (0 events):
No events

Classes redefined (0 events):
No events

Internal exceptions (0 events):
No events

VM Operations (0 events):
No events

Events (1 events):
Event: 0.009 Loaded shared library C:\Program Files\Java\jdk-17\bin\java.dll


Dynamic libraries:
0x00007ff630680000 - 0x00007ff630690000 	C:\Program Files\Java\jdk-17\bin\java.exe
0x00007ffa4feb0000 - 0x00007ffa500a8000 	C:\Windows\SYSTEM32\ntdll.dll
0x00007ffa4fa00000 - 0x00007ffa4fabf000 	C:\Windows\System32\KERNEL32.DLL
0x00007ffa4d670000 - 0x00007ffa4d966000 	C:\Windows\System32\KERNELBASE.dll
0x00007ffa4db70000 - 0x00007ffa4dc70000 	C:\Windows\System32\ucrtbase.dll
0x00007ffa33d10000 - 0x00007ffa33d2b000 	C:\Program Files\Java\jdk-17\bin\VCRUNTIME140.dll
0x00007ffa33d30000 - 0x00007ffa33d48000 	C:\Program Files\Java\jdk-17\bin\jli.dll
0x00007ffa4f6e0000 - 0x00007ffa4f78f000 	C:\Windows\System32\ADVAPI32.dll
0x00007ffa4f960000 - 0x00007ffa4f9fe000 	C:\Windows\System32\msvcrt.dll
0x00007ffa4df10000 - 0x00007ffa4dfac000 	C:\Windows\System32\sechost.dll
0x00007ffa4e520000 - 0x00007ffa4e646000 	C:\Windows\System32\RPCRT4.dll
0x00007ffa4fcb0000 - 0x00007ffa4fe4d000 	C:\Windows\System32\USER32.dll
0x00007ffa31a80000 - 0x00007ffa31d1a000 	C:\Windows\WinSxS\amd64_microsoft.windows.common-controls_6595b64144ccf1df_6.0.19041.1110_none_60b5254171f9507e\COMCTL32.dll
0x00007ffa4d970000 - 0x00007ffa4d992000 	C:\Windows\System32\win32u.dll
0x00007ffa4f640000 - 0x00007ffa4f66c000 	C:\Windows\System32\GDI32.dll
0x00007ffa4da50000 - 0x00007ffa4db65000 	C:\Windows\System32\gdi32full.dll
0x00007ffa4dca0000 - 0x00007ffa4dd3d000 	C:\Windows\System32\msvcp_win.dll
0x00007ffa472d0000 - 0x00007ffa472da000 	C:\Windows\SYSTEM32\VERSION.dll
0x00007ffa4e8a0000 - 0x00007ffa4e8d0000 	C:\Windows\System32\IMM32.DLL
0x00007ffa46b10000 - 0x00007ffa46b1c000 	C:\Program Files\Java\jdk-17\bin\vcruntime140_1.dll
0x00007ffa33c80000 - 0x00007ffa33d0e000 	C:\Program Files\Java\jdk-17\bin\msvcp140.dll
0x00007ff9fbc50000 - 0x00007ff9fc827000 	C:\Program Files\Java\jdk-17\bin\server\jvm.dll
0x00007ffa4f670000 - 0x00007ffa4f678000 	C:\Windows\System32\PSAPI.DLL
0x00007ffa3e450000 - 0x00007ffa3e459000 	C:\Windows\SYSTEM32\WSOCK32.dll
0x00007ffa42440000 - 0x00007ffa42467000 	C:\Windows\SYSTEM32\WINMM.dll
0x00007ffa4f150000 - 0x00007ffa4f1bb000 	C:\Windows\System32\WS2_32.dll
0x00007ffa4b400000 - 0x00007ffa4b412000 	C:\Windows\SYSTEM32\kernel.appcore.dll
0x00007ffa3e420000 - 0x00007ffa3e42a000 	C:\Program Files\Java\jdk-17\bin\jimage.dll
0x00007ffa419f0000 - 0x00007ffa41bd4000 	C:\Windows\SYSTEM32\DBGHELP.DLL
0x00007ffa45750000 - 0x00007ffa45784000 	C:\Windows\SYSTEM32\dbgcore.DLL
0x00007ffa4d590000 - 0x00007ffa4d612000 	C:\Windows\System32\bcryptPrimitives.dll
0x00007ffa33c50000 - 0x00007ffa33c75000 	C:\Program Files\Java\jdk-17\bin\java.dll

dbghelp: loaded successfully - version: 4.0.5 - missing functions: none
symbol engine: initialized successfully - sym options: 0x614 - pdb path: .;C:\Program Files\Java\jdk-17\bin;C:\Windows\SYSTEM32;C:\Windows\WinSxS\amd64_microsoft.windows.common-controls_6595b64144ccf1df_6.0.19041.1110_none_60b5254171f9507e;C:\Program Files\Java\jdk-17\bin\server

VM Arguments:
jvm_args: -Dnet.bytebuddy.agent.attacher.dump= 
java_command: net.bytebuddy.agent.Attacher com.sun.tools.attach.VirtualMachine 880 C:\Users\Waelbhz\.m2\repository\net\bytebuddy\byte-buddy-agent\1.14.19\byte-buddy-agent-1.14.19.jar false 
java_class_path (initial): C:\Users\Waelbhz\.m2\repository\net\bytebuddy\byte-buddy-agent\1.14.19\byte-buddy-agent-1.14.19.jar
Launcher Type: SUN_STANDARD

[Global flags]
     intx CICompilerCount                          = 3                                         {product} {ergonomic}
     uint ConcGCThreads                            = 1                                         {product} {ergonomic}
     uint G1ConcRefinementThreads                  = 4                                         {product} {ergonomic}
   size_t G1HeapRegionSize                         = 4194304                                   {product} {ergonomic}
    uintx GCDrainStackTargetSize                   = 64                                        {product} {ergonomic}
   size_t InitialHeapSize                          = 335544320                                 {product} {ergonomic}
   size_t MarkStackSize                            = 4194304                                   {product} {ergonomic}
   size_t MaxHeapSize                              = 5343543296                                {product} {ergonomic}
   size_t MinHeapDeltaBytes                        = 4194304                                   {product} {ergonomic}
   size_t MinHeapSize                              = 8388608                                   {product} {ergonomic}
    uintx NonNMethodCodeHeapSize                   = 5832780                                {pd product} {ergonomic}
    uintx NonProfiledCodeHeapSize                  = 122912730                              {pd product} {ergonomic}
    uintx ProfiledCodeHeapSize                     = 122912730                              {pd product} {ergonomic}
    uintx ReservedCodeCacheSize                    = 251658240                              {pd product} {ergonomic}
     bool SegmentedCodeCache                       = true                                      {product} {ergonomic}
   size_t SoftMaxHeapSize                          = 5343543296                             {manageable} {ergonomic}
     bool UseCompressedClassPointers               = true                           {product lp64_product} {ergonomic}
     bool UseCompressedOops                        = true                           {product lp64_product} {ergonomic}
     bool UseG1GC                                  = true                                      {product} {ergonomic}
     bool UseLargePagesIndividualAllocation        = false                                  {pd product} {ergonomic}

Logging:
Log output configuration:
 #0: stdout all=warning uptime,level,tags
 #1: stderr all=off uptime,level,tags

Environment Variables:
JAVA_HOME=C:\Program Files\Java\jdk-17
PATH=C:\Program Files\Java\jdk-17\bin;C:\Program Files (x86)\Microsoft\Edge\Application;C:\oraclexe\app\oracle\product\11.2.0\server\bin;C:\app\Waelbhz\product\21c\dbhomeXE\bin;C:\Program Files\Common Files\Oracle\Java\javapath;C:\Users\Waelbhz\Downloads\WINDOWS.X64_193000_db_home\bin;C:\Program Files\Eclipse Adoptium\jdk-11.0.14.101-hotspot\bin;C:\Windows\system32;C:\Windows;C:\Windows\System32\Wbem;C:\Windows\System32\WindowsPowerShell\v1.0\;C:\Windows\System32\OpenSSH\;C:\Program Files\dotnet\;C:\Program Files\Pandoc\;C:\Program Files (x86)\NVIDIA Corporation\PhysX\Common;C:\Program Files\Git\cmd;C:\Users\Waelbhz\AppData\Roaming\nvm;C:\Program Files\nodejs;C:\ProgramData\ComposerSetup\bin;C:\xampp\php;C:\Program Files\WSL;C:\Program Files\Microsoft SQL Server\150\Tools\Binn\;C:\Program Files\Microsoft SQL Server\Client SDK\ODBC\170\;C:\Program Files\Kubernetes\Minikube;C:\Program Files\Docker\Docker\resources\bin;C:\Program Files\nodejs\;C:\Program Files (x86)\Windows Kits\10\Windows Performance Toolkit\;C:\Program Files\NVIDIA Corporation\NVIDIA App\NvDLISR;C:\apache-maven-3.9.11\bin;C:\Users\Waelbhz\AppData\Roaming\npm;C:\Program Files\Eclipse Adoptium\jdk-11.0.14.101-hotspot\\bin;C:\Program Files (x86)\Microsoft\Edge\Application;C:\oraclexe\app\oracle\product\11.2.0\server\bin;C:\app\Waelbhz\product\21c\dbhomeXE\bin;C:\Program Files\Common Files\Oracle\Java\javapath;C:\Users\Waelbhz\Downloads\WINDOWS.X64_193000_db_home\bin;C:\Program Files\Eclipse Adoptium\jdk-11.0.14.101-hotspot\bin;C:\Windows\system32;C:\Windows;C:\Windows\System32\Wbem;C:\Windows\System32\WindowsPowerShell\v1.0\;C:\Windows\System32\OpenSSH\;C:\Program Files\dotnet\;C:\Program Files\Pandoc\;C:\Program Files\NVIDIA Corporation\NVIDIA NvDLISR;C:\Program Files (x86)\NVIDIA Corporation\PhysX\Common;C:\Program Files\Git\cmd;C:\Users\Waelbhz\AppData\Roaming\nvm;C:\Program Files\nodejs;C:\ProgramData\ComposerSetup\bin;C:\xampp\php;C:\Program Files\WSL;C:\Program Files\Microsoft SQL Server\150\Tools\Bi
USERNAME=Waelbhz
OS=Windows_NT
PROCESSOR_IDENTIFIER=Intel64 Family 6 Model 142 Stepping 9, GenuineIntel



---------------  S Y S T E M  ---------------

OS:
 Windows 10 , 64 bit Build 19041 (10.0.19041.3031)
OS uptime: 0 days 7:54 hours
Hyper-V role detected

CPU: total 4 (initial active 4) (2 cores per cpu, 2 threads per core) family 6 model 142 stepping 9 microcode 0xb4, cx8, cmov, fxsr, ht, mmx, 3dnowpref, sse, sse2, sse3, ssse3, sse4.1, sse4.2, popcnt, lzcnt, tsc, tscinvbit, avx, avx2, aes, erms, clmul, bmi1, bmi2, adx, fma, vzeroupper, clflush, clflushopt, hv

Memory: 4k page, system-wide physical 20380M (3744M free)
TotalPageFile size 22428M (AvailPageFile size 239M)
current process WorkingSet (physical memory assigned to process): 10M, peak: 10M
current process commit charge ("private bytes"): 51M, peak: 371M

vm_info: Java HotSpot(TM) 64-Bit Server VM (17.0.6+9-LTS-190) for windows-amd64 JRE (17.0.6+9-LTS-190), built on Dec  6 2022 15:53:54 by "mach5one" with MS VC++ 17.1 (VS2022)

END.
